0 info it worked if it ends with ok
1 verbose cli [ '/home/ubuntu/.nvm/versions/node/v4.4.5/bin/node',
1 verbose cli   '/home/ubuntu/.nvm/versions/node/v4.4.5/bin/npm',
1 verbose cli   'install',
1 verbose cli   '--save',
1 verbose cli   'react-addons-css-transition-group' ]
2 info using npm@2.15.5
3 info using node@v4.4.5
4 verbose install initial load of /home/ubuntu/workspace/github-battle/package.json
5 warn package.json github-battle@1.0.0 No repository field.
6 verbose installManyTop reading scoped package data from /home/ubuntu/workspace/github-battle/node_modules/axios/package.json
7 verbose installManyTop reading scoped package data from /home/ubuntu/workspace/github-battle/node_modules/babel-core/package.json
8 verbose installManyTop reading scoped package data from /home/ubuntu/workspace/github-battle/node_modules/babel-loader/package.json
9 verbose installManyTop reading scoped package data from /home/ubuntu/workspace/github-battle/node_modules/babel-preset-react/package.json
10 verbose installManyTop reading scoped package data from /home/ubuntu/workspace/github-battle/node_modules/css-loader/package.json
11 verbose installManyTop reading scoped package data from /home/ubuntu/workspace/github-battle/node_modules/html-webpack-plugin/package.json
12 verbose installManyTop reading scoped package data from /home/ubuntu/workspace/github-battle/node_modules/react/package.json
13 verbose installManyTop reading scoped package data from /home/ubuntu/workspace/github-battle/node_modules/react-addons-css-transition-group/package.json
14 verbose installManyTop reading scoped package data from /home/ubuntu/workspace/github-battle/node_modules/react-dom/package.json
15 verbose installManyTop reading scoped package data from /home/ubuntu/workspace/github-battle/node_modules/react-router/package.json
16 verbose installManyTop reading scoped package data from /home/ubuntu/workspace/github-battle/node_modules/style-loader/package.json
17 verbose installManyTop reading scoped package data from /home/ubuntu/workspace/github-battle/node_modules/webpack/package.json
18 verbose installManyTop reading scoped package data from /home/ubuntu/workspace/github-battle/node_modules/webpack-dev-server/package.json
19 verbose readDependencies loading dependencies from /home/ubuntu/workspace/github-battle/package.json
20 verbose install react-addons-css-transition-group is installed as 15.3.0
21 silly cache add args [ 'react-addons-css-transition-group', null ]
22 verbose cache add spec react-addons-css-transition-group
23 silly cache add parsed spec Result {
23 silly cache add   raw: 'react-addons-css-transition-group',
23 silly cache add   scope: null,
23 silly cache add   name: 'react-addons-css-transition-group',
23 silly cache add   rawSpec: '',
23 silly cache add   spec: 'latest',
23 silly cache add   type: 'tag' }
24 silly addNamed react-addons-css-transition-group@latest
25 verbose addNamed "latest" is being treated as a dist-tag for react-addons-css-transition-group
26 info addNameTag [ 'react-addons-css-transition-group', 'latest' ]
27 silly mapToRegistry name react-addons-css-transition-group
28 silly mapToRegistry using default registry
29 silly mapToRegistry registry https://registry.npmjs.org/
30 silly mapToRegistry data Result {
30 silly mapToRegistry   raw: 'react-addons-css-transition-group',
30 silly mapToRegistry   scope: null,
30 silly mapToRegistry   name: 'react-addons-css-transition-group',
30 silly mapToRegistry   rawSpec: '',
30 silly mapToRegistry   spec: 'latest',
30 silly mapToRegistry   type: 'tag' }
31 silly mapToRegistry uri https://registry.npmjs.org/react-addons-css-transition-group
32 verbose addNameTag registry:https://registry.npmjs.org/react-addons-css-transition-group not in flight; fetching
33 verbose request uri https://registry.npmjs.org/react-addons-css-transition-group
34 verbose request no auth needed
35 info attempt registry request try #1 at 4:31:18 PM
36 verbose request id a43076a6cac50ae9
37 verbose etag "24BEKJT6QZ999O01TWPP5ZH50"
38 http request GET https://registry.npmjs.org/react-addons-css-transition-group
39 http 304 https://registry.npmjs.org/react-addons-css-transition-group
40 verbose headers { date: 'Mon, 15 Aug 2016 16:31:18 GMT',
40 verbose headers   via: '1.1 varnish',
40 verbose headers   'cache-control': 'max-age=300',
40 verbose headers   etag: '"24BEKJT6QZ999O01TWPP5ZH50"',
40 verbose headers   age: '87',
40 verbose headers   connection: 'keep-alive',
40 verbose headers   'x-served-by': 'cache-ord1733-ORD',
40 verbose headers   'x-cache': 'HIT',
40 verbose headers   'x-cache-hits': '43',
40 verbose headers   'x-timer': 'S1471278678.210900,VS0,VE0',
40 verbose headers   vary: 'Accept-Encoding' }
41 silly get cb [ 304,
41 silly get   { date: 'Mon, 15 Aug 2016 16:31:18 GMT',
41 silly get     via: '1.1 varnish',
41 silly get     'cache-control': 'max-age=300',
41 silly get     etag: '"24BEKJT6QZ999O01TWPP5ZH50"',
41 silly get     age: '87',
41 silly get     connection: 'keep-alive',
41 silly get     'x-served-by': 'cache-ord1733-ORD',
41 silly get     'x-cache': 'HIT',
41 silly get     'x-cache-hits': '43',
41 silly get     'x-timer': 'S1471278678.210900,VS0,VE0',
41 silly get     vary: 'Accept-Encoding' } ]
42 verbose etag https://registry.npmjs.org/react-addons-css-transition-group from cache
43 verbose get saving react-addons-css-transition-group to /home/ubuntu/.npm/registry.npmjs.org/react-addons-css-transition-group/.cache.json
44 verbose correctMkdir /home/ubuntu/.npm correctMkdir not in flight; initializing
45 silly addNameTag next cb for react-addons-css-transition-group with tag latest
46 silly addNamed react-addons-css-transition-group@15.3.0
47 verbose addNamed "15.3.0" is a plain semver version for react-addons-css-transition-group
48 silly cache afterAdd react-addons-css-transition-group@15.3.0
49 verbose afterAdd /home/ubuntu/.npm/react-addons-css-transition-group/15.3.0/package/package.json not in flight; writing
50 verbose correctMkdir /home/ubuntu/.npm correctMkdir not in flight; initializing
51 verbose afterAdd /home/ubuntu/.npm/react-addons-css-transition-group/15.3.0/package/package.json written
52 silly install resolved [ { name: 'react-addons-css-transition-group',
52 silly install resolved     version: '15.3.0',
52 silly install resolved     main: 'index.js',
52 silly install resolved     repository:
52 silly install resolved      { type: 'git',
52 silly install resolved        url: 'git+https://github.com/facebook/react.git' },
52 silly install resolved     keywords: [ 'react', 'react-addon' ],
52 silly install resolved     license: 'BSD-3-Clause',
52 silly install resolved     dependencies: {},
52 silly install resolved     peerDependencies: { react: '^15.3.0' },
52 silly install resolved     description: 'This package provides the React CSSTransitionGroup add-on.',
52 silly install resolved     bugs: { url: 'https://github.com/facebook/react/issues' },
52 silly install resolved     homepage: 'https://github.com/facebook/react#readme',
52 silly install resolved     _id: 'react-addons-css-transition-group@15.3.0',
52 silly install resolved     _shasum: '759c9057f48ded7db5cd19e9bf8fce45a5a4486b',
52 silly install resolved     _resolved: 'https://registry.npmjs.org/react-addons-css-transition-group/-/react-addons-css-transition-group-15.3.0.tgz',
52 silly install resolved     _from: 'react-addons-css-transition-group@latest',
52 silly install resolved     scripts: {},
52 silly install resolved     _npmVersion: '3.9.6',
52 silly install resolved     _nodeVersion: '6.2.0',
52 silly install resolved     _npmUser: { name: 'zpao', email: 'paul@oshannessy.com' },
52 silly install resolved     maintainers: [ [Object], [Object], [Object], [Object], [Object], [Object] ],
52 silly install resolved     dist:
52 silly install resolved      { shasum: '759c9057f48ded7db5cd19e9bf8fce45a5a4486b',
52 silly install resolved        tarball: 'https://registry.npmjs.org/react-addons-css-transition-group/-/react-addons-css-transition-group-15.3.0.tgz' },
52 silly install resolved     _npmOperationalInternal:
52 silly install resolved      { host: 'packages-16-east.internal.npmjs.com',
52 silly install resolved        tmp: 'tmp/react-addons-css-transition-group-15.3.0.tgz_1469817476964_0.8407741677947342' },
52 silly install resolved     directories: {},
52 silly install resolved     readme: 'ERROR: No README data found!' } ]
53 info install react-addons-css-transition-group@15.3.0 into /home/ubuntu/workspace/github-battle
54 info installOne react-addons-css-transition-group@15.3.0
55 verbose installOne of react-addons-css-transition-group to /home/ubuntu/workspace/github-battle not in flight; installing
56 verbose correctMkdir /home/ubuntu/.npm/_locks correctMkdir not in flight; initializing
57 verbose lock using /home/ubuntu/.npm/_locks/react-addons-css-transit-7f0a92d379784fe4.lock for /home/ubuntu/workspace/github-battle/node_modules/react-addons-css-transition-group
58 silly install write writing react-addons-css-transition-group 15.3.0 to /home/ubuntu/workspace/github-battle/node_modules/react-addons-css-transition-group
59 verbose unbuild node_modules/react-addons-css-transition-group
60 info preuninstall react-addons-css-transition-group@15.3.0
61 info uninstall react-addons-css-transition-group@15.3.0
62 verbose unbuild rmStuff react-addons-css-transition-group@15.3.0 from /home/ubuntu/workspace/github-battle/node_modules
63 info postuninstall react-addons-css-transition-group@15.3.0
64 silly gentlyRm /home/ubuntu/workspace/github-battle/node_modules/react-addons-css-transition-group is being purged from base /home/ubuntu/workspace/github-battle
65 verbose gentlyRm don't care about contents; nuking /home/ubuntu/workspace/github-battle/node_modules/react-addons-css-transition-group
66 silly vacuum-fs purging /home/ubuntu/workspace/github-battle/node_modules/react-addons-css-transition-group
67 silly vacuum-fs quitting because other entries in /home/ubuntu/workspace/github-battle/node_modules
68 verbose tar unpack /home/ubuntu/.npm/react-addons-css-transition-group/15.3.0/package.tgz
69 verbose tar unpacking to /home/ubuntu/workspace/github-battle/node_modules/react-addons-css-transition-group
70 silly gentlyRm /home/ubuntu/workspace/github-battle/node_modules/react-addons-css-transition-group is being purged
71 verbose gentlyRm don't care about contents; nuking /home/ubuntu/workspace/github-battle/node_modules/react-addons-css-transition-group
72 silly gunzTarPerm modes [ '755', '644' ]
73 silly gunzTarPerm extractEntry package.json
74 silly gunzTarPerm extractEntry README.md
75 silly gunzTarPerm extractEntry LICENSE
76 silly gunzTarPerm extractEntry index.js
77 silly gunzTarPerm extractEntry PATENTS
78 verbose write writing to /home/ubuntu/workspace/github-battle/node_modules/react-addons-css-transition-group/package.json
79 info preinstall react-addons-css-transition-group@15.3.0
80 verbose readDependencies loading dependencies from /home/ubuntu/workspace/github-battle/node_modules/react-addons-css-transition-group/package.json
81 silly prepareForInstallMany adding react@^15.3.0 from react-addons-css-transition-group peerDependencies
82 warn peerDependencies The peer dependency react@^15.3.0 included from react-addons-css-transition-group will no
83 warn peerDependencies longer be automatically installed to fulfill the peerDependency
84 warn peerDependencies in npm 3+. Your application will need to depend on it explicitly.
85 verbose readDependencies loading dependencies from /home/ubuntu/workspace/github-battle/node_modules/react-addons-css-transition-group/package.json
86 silly install resolved []
87 verbose about to build /home/ubuntu/workspace/github-battle/node_modules/react-addons-css-transition-group
88 info build /home/ubuntu/workspace/github-battle/node_modules/react-addons-css-transition-group
89 info linkStuff react-addons-css-transition-group@15.3.0
90 silly linkStuff react-addons-css-transition-group@15.3.0 has /home/ubuntu/workspace/github-battle/node_modules as its parent node_modules
91 verbose linkBins react-addons-css-transition-group@15.3.0
92 verbose linkMans react-addons-css-transition-group@15.3.0
93 verbose rebuildBundles react-addons-css-transition-group@15.3.0
94 info install react-addons-css-transition-group@15.3.0
95 info postinstall react-addons-css-transition-group@15.3.0
96 verbose readDependencies loading dependencies from /home/ubuntu/workspace/github-battle/package.json
97 verbose targetResolver reading package data from /home/ubuntu/workspace/github-battle/node_modules/axios/package.json
98 verbose targetResolver reading package data from /home/ubuntu/workspace/github-battle/node_modules/babel-core/package.json
99 verbose targetResolver reading package data from /home/ubuntu/workspace/github-battle/node_modules/babel-loader/package.json
100 verbose targetResolver reading package data from /home/ubuntu/workspace/github-battle/node_modules/babel-preset-react/package.json
101 verbose targetResolver reading package data from /home/ubuntu/workspace/github-battle/node_modules/css-loader/package.json
102 verbose targetResolver reading package data from /home/ubuntu/workspace/github-battle/node_modules/html-webpack-plugin/package.json
103 verbose targetResolver reading package data from /home/ubuntu/workspace/github-battle/node_modules/react/package.json
104 verbose targetResolver reading package data from /home/ubuntu/workspace/github-battle/node_modules/react-addons-css-transition-group/package.json
105 verbose targetResolver reading package data from /home/ubuntu/workspace/github-battle/node_modules/react-dom/package.json
106 verbose targetResolver reading package data from /home/ubuntu/workspace/github-battle/node_modules/react-router/package.json
107 verbose targetResolver reading package data from /home/ubuntu/workspace/github-battle/node_modules/style-loader/package.json
108 verbose targetResolver reading package data from /home/ubuntu/workspace/github-battle/node_modules/webpack/package.json
109 verbose targetResolver reading package data from /home/ubuntu/workspace/github-battle/node_modules/webpack-dev-server/package.json
110 verbose targetResolver reading package data from /home/ubuntu/workspace/github-battle/node_modules/.bin/webpack/package.json
111 verbose targetResolver reading package data from /home/ubuntu/workspace/github-battle/node_modules/.bin/webpack-dev-server/package.json
112 verbose already installed skipping react@^15.3.0 /home/ubuntu/workspace/github-battle
113 silly install resolved []
114 verbose unlock done using /home/ubuntu/.npm/_locks/react-addons-css-transit-7f0a92d379784fe4.lock for /home/ubuntu/workspace/github-battle/node_modules/react-addons-css-transition-group
115 verbose validateInstall loading /home/ubuntu/workspace/github-battle/package.json for validation
116 verbose stack Error: The package react@15.2.1 does not satisfy its siblings' peerDependencies requirements!
116 verbose stack     at /home/ubuntu/.nvm/versions/node/v4.4.5/lib/node_modules/npm/lib/install.js:125:32
116 verbose stack     at /home/ubuntu/.nvm/versions/node/v4.4.5/lib/node_modules/npm/lib/install.js:268:7
116 verbose stack     at /home/ubuntu/.nvm/versions/node/v4.4.5/lib/node_modules/npm/node_modules/read-installed/read-installed.js:142:5
116 verbose stack     at /home/ubuntu/.nvm/versions/node/v4.4.5/lib/node_modules/npm/node_modules/read-installed/read-installed.js:263:14
116 verbose stack     at cb (/home/ubuntu/.nvm/versions/node/v4.4.5/lib/node_modules/npm/node_modules/slide/lib/async-map.js:47:24)
116 verbose stack     at /home/ubuntu/.nvm/versions/node/v4.4.5/lib/node_modules/npm/node_modules/read-installed/read-installed.js:263:14
116 verbose stack     at cb (/home/ubuntu/.nvm/versions/node/v4.4.5/lib/node_modules/npm/node_modules/slide/lib/async-map.js:47:24)
116 verbose stack     at /home/ubuntu/.nvm/versions/node/v4.4.5/lib/node_modules/npm/node_modules/read-installed/read-installed.js:263:14
116 verbose stack     at cb (/home/ubuntu/.nvm/versions/node/v4.4.5/lib/node_modules/npm/node_modules/slide/lib/async-map.js:47:24)
116 verbose stack     at /home/ubuntu/.nvm/versions/node/v4.4.5/lib/node_modules/npm/node_modules/read-installed/read-installed.js:263:14
117 verbose cwd /home/ubuntu/workspace/github-battle/app
118 error Linux 4.2.0-c9
119 error argv "/home/ubuntu/.nvm/versions/node/v4.4.5/bin/node" "/home/ubuntu/.nvm/versions/node/v4.4.5/bin/npm" "install" "--save" "react-addons-css-transition-group"
120 error node v4.4.5
121 error npm  v2.15.5
122 error code EPEERINVALID
123 error peerinvalid The package react@15.2.1 does not satisfy its siblings' peerDependencies requirements!
123 error peerinvalid Peer react-dom@15.2.1 wants react@^15.2.1
123 error peerinvalid Peer react-addons-css-transition-group@15.3.0 wants react@^15.3.0
124 verbose exit [ 1, true ]
